found word acompanya
found word acompanyat
found word acompanya
found word acompanyat
found word acompanya
found word acompanyat
found word acompanya
found word acompanyat
found word cas
found word cases
found word coles
found word coles
found word coles
found word coles
found word coles
found word coles
found word coll
found word coll
found word coles
found word colze
found word colze
found word com
found word company
found word companyo
found word coll
found word coles
found word colze
found word colze
found word com
found word company
found word companyo
found word moll
found word molses
found word molses
found word molses
found word moll
found word moll
found word ple
found word peces
found word peca
found word peca
found word peca
found word pena
found word pan
found word pany
found word accio
found word accio
found word any
found word noi
found word noia
found word any
found word acte
found word tan
found word tenen
found word tens
found word teves
found word teves
found word teves
found word teu
found word ben
found word beneia
found word buides
found word buides
found word fred
found word fort
found word foren
found word forn
found word oir
found word noi
found word noies
found word noies
found word nois
found word nort
found word net
found word ehe
found word sac
found word sac
found word sec
found word seca
found word sec
found word seca
found word ses
found word cas
found word cases
found word cel
found word celles
found word coles
found word coles
found word coles
found word coles
found word coles
found word coles
found word coll
found word coll
found word coles
found word colze
found word colze
found word com
found word company
found word companyo
found word coll
found word coles
found word colze
found word colze
found word com
found word company
found word companyo
found word lloc
found word lloc
found word llom
found word lle
found word llesca
found word llesca
found word lle
found word lle
found word les
found word cap
found word can
found word canya
found word coi
found word coi
found word concedir
found word conta
found word coi
found word concedir
found word conta
found word oia
found word noi
found word noia
found word noi
found word noia
found word noi
found word nois
found word noia
found word nen
found word nena
found word nene
found word nenes
found word nens
found word nene
found word can
found word cent
found word cedir
found word encanyona
found word encen
found word ens
found word ensuma
found word ensuma
found word ensuma
found word envesti
found word envestida
found word envesti
found word envestida
found word envesti
found word envestida
found word envesti
found word envestir
found word envesti
found word envestida
found word envesti
found word envestir
found word envestida
found word dubta
found word dubte
found word dubten
found word duen
found word deu
found word des
found word desencant
found word desena
found word deserta
found word deserta
found word desti
found word deu
found word des
found word desti
found word desti
found word desti
found word desti
found word diu
found word diuen
found word dies
found word dies
found word dis
found word dit
found word dits
found word dir
found word dirigia
found word idees
found word idees
found word roi
found word riu
found word ritual
found word ritual
found word ren
found word rei
found word ert
found word ets
found word ehe
found word heroi
found word herois
found word esco
found word escoles
found word escoles
found word escoles
found word escoles
found word escoles
found word escoles
found word esco
found word escoles
found word esco
found word escoles
found word escoles
found word escoles
found word escoles
found word escoles
found word escoles
found word esco
found word escoles
found word esco
found word escoles
found word escoles
found word escoles
found word escoles
found word escoles
found word esco
found word escoles
found word esco
found word escoles
found word escoles
found word escoles
found word escoles
found word escoles
found word esco
found word escoles
found word esco
found word escola
found word esclafia
found word esclafia
found word els
found word eleccio
found word eleccio
found word ell
found word elles
found word les
found word les
found word les
found word les
found word les
found word les
found word lloc
found word lloc
found word llom
found word lloc
found word lloc
found word llom
found word lle
found word ell
found word elles
found word elles
found word elles
found word elles
found word elles
found word ells
found word els
found word ell
found word esco
found word escola
found word esclafia
found word esclafia
found word els
found word elia
found word elia
found word cel
found word celles
found word celles
found word celles
found word celles
found word celles
found word cel
found word cel
found word cal
found word calces
found word calia
found word cas
found word casa
found word casat
found word casino
found word can
found word cansat
found word cansat
found word cansat
found word cal
found word calces
found word calces
found word calia
found word cas
found word casa
found word casat
found word casino
found word can
found word cansat
found word cansat
found word cansat
found word oia
found word oia
found word encen
found word entenc
found word encanyona
found word ens
found word ensuma
found word ensuma
found word ensuma
found word envesti
found word envestida
found word envesti
found word envestida
found word envesti
found word envestida
found word envesti
found word envestir
found word envesti
found word envestida
found word envesti
found word envestir
found word envestida
found word nen
found word nena
found word nas
found word net
found word neta
found word neta
found word net
found word neta
found word vet
found word veta
found word vens
found word veu
found word vens
found word vet
found word veta
found word veta
found word vera
found word vera
found word vera
found word vers
found word veu
found word veus
found word veuras
found word veuras
found word ves
found word ves
found word vet
found word veu
found word veus
found word ves
found word vestir
found word vestien
found word vestir
found word vei
found word eden
found word esverat
found word esverat
found word esverat
found word esverat
found word estiu
found word estiu
found word estiu
found word estudi
found word estudi
found word estudi
found word estudi
found word ets
found word ets
found word estiu
found word estiu
found word estiu
found word estudi
found word estudis
found word estudi
found word estudi
found word estudi
found word estiu
found word estudi
found word estudis
found word estudi
found word estudi
found word estudi
found word siti
found word siti
found word severa
found word severa
found word severa
found word seves
found word ses
found word set
found word seu
found word suau
found word trist
found word dir
found word diries
found word diries
found word dit
found word dits
found word dit
found word dits
found word dia
found word esma
found word esma
found word esco
found word escoles
found word escola
found word esclafia
found word esclafia
found word esco
found word escola
found word esclafia
found word esclafia
found word els
found word eleccio
found word eleccio
found word ell
found word elles
found word sec
found word seca
found word ses
found word ses
found word ses
found word soc
found word sos
found word som
found word sos
found word sol
found word sols
found word soli
found word solia
found word solia
found word sola
found word sec
found word sec
found word seca
found word cel
found word celles
found word celles
found word celles
found word celles
found word celles
found word cel
found word cel
found word cos
found word coses
found word coses
found word coses
found word cos
found word coses
found word coses
found word com
found word cos
found word cosa
found word cosa
found word coles
found word les
found word los
found word los
found word los
found word accio
found word accio
found word accio
found word accio
found word alce
found word alce
found word ale
found word alce
found word als
found word alce
found word ais
found word ansia
found word faci
found word fals
found word fas
found word fan
found word fil
found word fina
found word fins
found word fina
found word fins
found word foc
found word fona
found word font
found word instancies
found word instant
found word instruida
found word ais
found word atre
found word art
found word ara
found word aram
found word aram
found word ara
found word aram
found word aneu
found word anes
found word ansia
found word aneu
found word encanyona
found word encen
found word ens
found word ensuma
found word ensuma
found word ensuma
found word envesti
found word envestida
found word envesti
found word envestida
found word envesti
found word envestir
found word envesti
found word envestida
found word envesti
found word envestir
found word envestida
found word ets
found word era
found word ert
found word erta
found word erta
found word era
found word era
found word esteu
found word estes
found word estiu
found word estiu
found word estiu
found word estudi
found word estudi
found word estudi
found word estudi
found word set
found word ser
found word sera
found word seras
found word seran
found word sera
found word seras
found word seran
found word sera
found word seu
found word seves
found word surt
found word surti
found word suat
found word sia
found word severa
found word severa
found word severa
found word set
found word seu
found word seus
found word ses
found word teves
found word teu
found word dues
found word dues
found word dut
found word duia
found word dut
found word dit
found word dits
found word dia
found word dir
found word diries
found word diries
found word dit
found word dits
found word giren
found word git
found word git
found word gladium
found word ossos
found word ossos
found word ossos
found word ossos
found word ses
found word ses
found word son
found word ses
found word ses
found word soc
found word sos
found word som
found word sos
found word sol
found word soles
found word sols
found word soli
found word solia
found word solia
found word sola
found word oli
found word soc
found word sos
found word sos
found word som
found word sol
found word soles
found word soli
found word solia
found word solia
found word sola
found word samal
found word sia
found word sia
found word sino
found word sac
found word sac
found word sanitat
found word instancies
found word instant
found word instruida
found word nas
found word noi
found word noia
found word nois
found word noia
found word nou
found word noi
found word noies
found word noia
found word nom
found word noms
found word nos
found word nosa
found word nostre
found word nostres
found word nostra
found word nostra
found word nostra
found word nosa
found word nit
found word nits
found word sino
found word sia
found word son
found word sona
found word som
found word somni
found word somnis
found word somni
found word somni
found word sant
found word santa
found word santa
found word tan
found word tanca
found word tancat
found word tan
found word tant
found word tantes
found word tanta
found word tanta
found word trenca
found word trencat
found word tres
found word transit
found word trau
found word tenen
found word tens
found word teu
found word teves
found word teves
found word ren
found word res
found word residien
found word residien
found word reves
found word reves
found word rao
found word rai
found word ram
found word rai
found word ram
found word rau
found word ram
found word rai
found word dues
found word dues
found word dut
found word duia
found word dut
found word dit
found word dites
found word dites
found word dits
found word dits
found word dis
found word diu
found word dius
found word diuen
found word dia
found word diu
found word diuen
found word diu
found word dius
found word duia
found word duen
found word duia
found word dia
found word diu
found word diuen
found word dies
found word diners
found word diners
found word aneu
found word anes
found word ale
found word alli
found word llit
found word lle
found word llit
found word lladis
found word lle
found word uns
found word uns
found word uns
found word nou
found word nous
found word nous
found word nos
found word nosa
found word nus
found word nus
found word nou
found word nous
found word nous
found word nos
found word noi
found word nois
found word nora
found word mosso
found word mosso
found word mar
found word mal
found word mai
found word mata
found word mati
found word mata
found word mas
found word mascle
found word mascle
found word mascle
found word mascle
found word mata
found word matar
found word mati
found word mata
found word mahoma
found word mai
found word maiso
found word amo
found word amos
found word amos
found word amos
found word aquest
found word aquesta
found word aquesta
found word aqui
found word ahuc
found word ais
found word has
found word oia
found word oia
found word oia
found word omnis
found word omnis
found word mon
found word mostra
found word mostra
found word mostrat
found word mostra
found word mostrat
found word mio
found word mata
found word matar
found word matanca
found word mati
found word mates
found word mas
found word mai
found word manies
found word mates
found word mata
found word mata
found word matar
found word mama
found word mamat
found word mama
found word mamat
found word mar
found word mare
found word atre
found word amo
found word amos
found word amic
found word ara
found word art
found word ara
found word aram
found word mata
found word matar
found word matanca
found word mati
found word mates
found word mas
found word mai
found word manies
found word mates
found word mata
found word mata
found word matar
found word mar
found word mare
found word mata
found word matar
found word mates
found word mata
found word matar
found word mas
found word maquines
found word mar
found word mare
found word mata
found word matar
found word mates
found word mata
found word maquines
found word mai
found word mutues
found word mutues
found word mutua
found word auras
found word auras
found word ara
found word art
found word ara
found word aram
found word aram
found word aquest
found word aquestes
found word aquests
found word aqui
found word aqui
found word aqui
found word ais
found word que
found word quart
found word quaranta
found word qui
found word qui
found word que
found word queia
found word queia
found word qui
found word quin
found word quina
found word quan
found word qual
found word nau
found word nadiu
found word nadiu
found word nadiu
found word nadiu
found word nau
found word niu
found word niers
found word elia
found word ell
found word ella
found word elia
found word elia
found word ell
found word enlla
found word eren
found word sino
found word son
found word soc
found word sol
found word sola
found word orat
found word roi
found word ram
found word rai
found word amo
found word amos
found word amos
found word amos
found word arcs
found word ais
found word tal
found word quasi
found word que
found word queda
found word quedat
found word queia
found word qui
found word quiet
found word quin
found word quina
found word quinta
found word quinta
found word quinta
found word nas
found word niu
found word tastar
found word tan
found word aquest
found word aquestes
found word aquests
found word aqui
found word aqui
found word aqui
found word enlla
found word enlla
found word eren
found word ren
found word ren
found word rei
found word reia
found word reial
found word reina
found word rei
found word reia
found word res
found word isolat
found word consell
found word consell
found word cou
found word cos
found word coi
found word cor
found word corn
found word coral
found word coi
found word conve
found word cou
found word com
found word comu
found word comu
found word confiar
found word color
found word clar
found word los
found word fam
found word flocs
found word flocs
found word fusta
found word fusta
found word aquest
found word aquesta
found word aqui
found word ais
found word esta
found word estat
found word esta
found word estat
found word ets
found word cint
found word cintes
found word cua
found word cue
found word dit
found word dia
found word dia
found word dies
found word dos
found word deia
found word deia
found word deia
found word deia
found word des
found word desti
found word desti
found word esta
found word estan
found word estic
found word esta
found word set
found word seda
found word sia
found word sia
found word siti
found word set
found word esta
found word estan
found word estic
found word esta
found word ets
found word ais
found word aire
found word aire
found word aires
found word ser
found word serena
found word serien
found word seria
found word sia
found word nus
found word noi
found word nois
found word nou
found word nous
found word nom
found word noms
found word ocos
found word olorat
found word noi
found word nois
found word nou
found word nous
found word nom
found word noms
found word nus
found word clar
found word cua
found word cuita
found word cuita
found word cuita
found word cua
found word cua
found word cita
found word cita
found word cita
found word sia
found word sia
found word suau
found word suat
found word suau
found word suat
found word suat
found word suat
found word suau
found word suau
found word suat
found word suau
found word suat
found word salut
found word salt
found word salta
found word suau
found word suau
found word suat
found word suat
found word seu
found word set
found word seda
found word sec
found word teu
found word tal
found word deu
found word des
found word deia
found word dut
found word dut
found word duia
found word duia
found word idea
found word iode
found word iode
found word oida
found word oia
found word oia
found word oia
found word oia
found word oia
found word oida
found word oida
found word oia
found word iode
found word iode
found word idea
found word idea
found word tan
found word dies
found word dia
found word dir
found word dis
found word dir
found word dia
found word dies
found word dit
found word dites
found word dits
found word dia
found word nus
found word noi
found word nois
found word nou
found word nous
found word nom
found word noms
found word unio
found word unic
found word unics
found word unio
found word mocos
found word mon
found word mon
found word mon
found word munt
found word closca
found word clau
found word clau
found word clau
found word cua
found word cuita
found word cuita
found word cuita
found word cua
found word cua
found word ultims
found word alt
found word alta
found word aima
found word aima
found word quasi
found word qual
found word qui
found word que
found word queia
found word queia
found word adeu
found word aqui
found word iode
found word iode
found word ais
found word dis
found word distancia
found word dies
found word dia
found word dia
found word dit
found word dites
found word dits
found word dies
found word dos
found word ais
found word any
found word cita
found word cita
found word cries
found word crida
found word cridat
found word veu
found word sol
found word sola
found word sola
found word son
found word sona
found word son
found word sona
found word sol
found word sola
found word una
found word ultims
found word los
found word tal
found word tal
found word oia
found word oia
found word bat
found word bom
found word bada
found word badats
found word fadat
found word fet
found word feta
found word ets
found word nen
found word nena
found word negre
found word negres
found word cue
found word coi
found word cal
found word los
found word osca
found word nus
found word nou
found word nous
found word nos
found word has
found word aima
found word als
found word amo
found word amos
found word amos
found word amo
found word meu
found word meus
found word meua
found word meitat
found word mai
found word mata
found word mati
found word mal
found word mals
found word mas
found word mas
found word mas
found word amo
found word amos
found word amos
found word amo
found word vaeu
found word vas
found word vas
found word vos
found word vos
found word voste
found word tan
found word ens
found word ensems
found word gens
found word ser
found word mes
found word coi
found word cal
found word closca
found word als
found word alce
found word alce
found word ala
found word accio
found word als
found word alce
found word alce
found word ala
found word nou
found word nous
found word nos
found word som
found word sos
found word samal
found word sabia
found word sabia
found word samal
found word samals
found word sabia
found word sabia
found word som
found word sos
found word pan
found word pany
found word any
found word anys
found word negre
found word negres
found word nen
found word nena
found word nens
found word rem
found word rems
found word rems
found word res
Number of words found:  401
Out of the subset, words not found: 
Temps: 22057509 nanosegons.
Temps de creació i cerca paraules : 34 miliseconds.
